app/build/intermediates/manifest_merge_blame_file/debug/manifest-merger-blame-debug-report.txt
1<?xml version="1.0" encoding="utf-8"?>
2<manifest xmlns:android="http://schemas.android.com/apk/res/android"
3    package="com.vinylsMobile.vinylsapplication"
4    android:versionCode="1"
5    android:versionName="1.0" >
6
7    <uses-sdk
8        android:minSdkVersion="21"
8-->src\main\AndroidManifest.xml
9        android:targetSdkVersion="31" />
9-->src\main\AndroidManifest.xml
10
11    <uses-permission android:name="android.permission.INTERNET" />
11-->src\main\AndroidManifest.xml:5:5-67
11-->src\main\AndroidManifest.xml:5:22-64
12
13    <!-- Permission will be merged into the manifest of the hosting app. -->
14    <!-- Is required to launch foreground extraction service for targetSdkVersion 28+. -->
15    <uses-permission android:name="android.permission.FOREGROUND_SERVICE" />
15-->[com.google.android.play:core:1.9.1] AndroidManifest.xml:8:3-74
15-->[com.google.android.play:core:1.9.1] AndroidManifest.xml:8:20-72
16
17    <application
17-->src\main\AndroidManifest.xml:7:5-48:19
18        android:allowBackup="true"
18-->src\main\AndroidManifest.xml:8:9-35
19        android:appComponentFactory="androidx.core.app.CoreComponentFactory"
19-->[androidx.core:core:1.7.0] AndroidManifest.xml:24:18-86
20        android:debuggable="true"
21        android:fullBackupContent="@xml/backup_descriptor"
21-->src\main\AndroidManifest.xml:14:9-59
22        android:icon="@mipmap/ic_launcher"
22-->src\main\AndroidManifest.xml:9:9-43
23        android:label="@string/app_name"
23-->src\main\AndroidManifest.xml:10:9-41
24        android:roundIcon="@mipmap/ic_launcher_round"
24-->src\main\AndroidManifest.xml:11:9-54
25        android:supportsRtl="true"
25-->src\main\AndroidManifest.xml:12:9-35
26        android:testOnly="true"
27        android:theme="@style/Theme.VinylsApplication" >
27-->src\main\AndroidManifest.xml:13:9-55
28        <activity
28-->src\main\AndroidManifest.xml:15:9-19:74
29            android:name="com.vinylsMobile.vinylsApplication.ui.main.view.DetailAlbumActivity"
29-->src\main\AndroidManifest.xml:16:13-95
30            android:exported="false"
30-->src\main\AndroidManifest.xml:17:13-37
31            android:parentActivityName="com.vinylsMobile.vinylsApplication.ui.main.view.MainActivity"
31-->src\main\AndroidManifest.xml:18:13-68
32            android:theme="@style/Theme.VinylsApplication.NoActionBar" />
32-->src\main\AndroidManifest.xml:19:13-71
33        <activity
33-->src\main\AndroidManifest.xml:20:9-24:74
34            android:name="com.vinylsMobile.vinylsApplication.ui.main.view.DetailArtistActivity"
34-->src\main\AndroidManifest.xml:21:13-96
35            android:exported="false"
35-->src\main\AndroidManifest.xml:22:13-37
36            android:parentActivityName="com.vinylsMobile.vinylsApplication.ui.main.view.MainActivity"
36-->src\main\AndroidManifest.xml:23:13-68
37            android:theme="@style/Theme.VinylsApplication.NoActionBar" />
37-->src\main\AndroidManifest.xml:24:13-71
38        <activity
38-->src\main\AndroidManifest.xml:25:9-29:40
39            android:name="com.vinylsMobile.vinylsApplication.ui.main.view.AlbumTrackActivity"
39-->src\main\AndroidManifest.xml:26:13-60
40            android:exported="false"
40-->src\main\AndroidManifest.xml:29:13-37
41            android:parentActivityName="com.vinylsMobile.vinylsApplication.ui.main.view.DetailAlbumActivity"
41-->src\main\AndroidManifest.xml:27:13-75
42            android:theme="@style/Theme.VinylsApplication.NoActionBar" />
42-->src\main\AndroidManifest.xml:28:13-71
43        <activity
43-->src\main\AndroidManifest.xml:30:9-38:20
44            android:name="com.vinylsMobile.vinylsApplication.ui.main.view.MainActivity"
44-->src\main\AndroidManifest.xml:31:13-88
45            android:exported="true" >
45-->src\main\AndroidManifest.xml:32:13-36
46            <intent-filter>
46-->src\main\AndroidManifest.xml:33:13-37:29
47                <action android:name="android.intent.action.MAIN" />
47-->src\main\AndroidManifest.xml:34:17-69
47-->src\main\AndroidManifest.xml:34:25-66
48
49                <category android:name="android.intent.category.LAUNCHER" />
49-->src\main\AndroidManifest.xml:36:17-77
49-->src\main\AndroidManifest.xml:36:27-74
50            </intent-filter>
51        </activity>
52        <activity
52-->src\main\AndroidManifest.xml:39:9-43:74
53            android:name="com.vinylsMobile.vinylsApplication.ui.main.view.DetailCollectorActivity"
53-->src\main\AndroidManifest.xml:40:13-99
54            android:exported="false"
54-->src\main\AndroidManifest.xml:41:13-37
55            android:parentActivityName="com.vinylsMobile.vinylsApplication.ui.main.view.MainActivity"
55-->src\main\AndroidManifest.xml:42:13-68
56            android:theme="@style/Theme.VinylsApplication.NoActionBar" />
56-->src\main\AndroidManifest.xml:43:13-71
57
58        <meta-data
58-->src\main\AndroidManifest.xml:45:9-47:57
59            android:name="preloaded_fonts"
59-->src\main\AndroidManifest.xml:46:13-43
60            android:resource="@array/preloaded_fonts" />
60-->src\main\AndroidManifest.xml:47:13-54
61
62        <provider
62-->[androidx.lifecycle:lifecycle-process:2.0.0] AndroidManifest.xml:23:9-27:43
63            android:name="androidx.lifecycle.ProcessLifecycleOwnerInitializer"
63-->[androidx.lifecycle:lifecycle-process:2.0.0] AndroidManifest.xml:24:13-79
64            android:authorities="com.vinylsMobile.vinylsapplication.lifecycle-process"
64-->[androidx.lifecycle:lifecycle-process:2.0.0] AndroidManifest.xml:25:13-69
65            android:exported="false"
65-->[androidx.lifecycle:lifecycle-process:2.0.0] AndroidManifest.xml:26:13-37
66            android:multiprocess="true" /> <!-- The activities will be merged into the manifest of the hosting app. -->
66-->[androidx.lifecycle:lifecycle-process:2.0.0] AndroidManifest.xml:27:13-40
67        <activity
67-->[com.google.android.play:core:1.9.1] AndroidManifest.xml:12:5-271
68            android:name="com.google.android.play.core.missingsplits.PlayCoreMissingSplitsActivity"
68-->[com.google.android.play:core:1.9.1] AndroidManifest.xml:12:15-102
69            android:enabled="false"
69-->[com.google.android.play:core:1.9.1] AndroidManifest.xml:12:103-126
70            android:exported="false"
70-->[com.google.android.play:core:1.9.1] AndroidManifest.xml:12:127-151
71            android:launchMode="singleInstance"
71-->[com.google.android.play:core:1.9.1] AndroidManifest.xml:12:204-239
72            android:process=":playcore_missing_splits_activity"
72-->[com.google.android.play:core:1.9.1] AndroidManifest.xml:12:152-203
73            android:stateNotNeeded="true" />
73-->[com.google.android.play:core:1.9.1] AndroidManifest.xml:12:240-269
74        <activity
74-->[com.google.android.play:core:1.9.1] AndroidManifest.xml:13:5-226
75            android:name="com.google.android.play.core.common.PlayCoreDialogWrapperActivity"
75-->[com.google.android.play:core:1.9.1] AndroidManifest.xml:13:15-95
76            android:enabled="false"
76-->[com.google.android.play:core:1.9.1] AndroidManifest.xml:13:96-119
77            android:exported="false"
77-->[com.google.android.play:core:1.9.1] AndroidManifest.xml:13:120-144
78            android:stateNotNeeded="true"
78-->[com.google.android.play:core:1.9.1] AndroidManifest.xml:13:145-174
79            android:theme="@style/Theme.PlayCore.Transparent" /> <!-- The services will be merged into the manifest of the hosting app. -->
79-->[com.google.android.play:core:1.9.1] AndroidManifest.xml:13:175-224
80        <service
80-->[com.google.android.play:core:1.9.1] AndroidManifest.xml:16:5-18:15
81            android:name="com.google.android.play.core.assetpacks.AssetPackExtractionService"
81-->[com.google.android.play:core:1.9.1] AndroidManifest.xml:16:14-95
82            android:enabled="false"
82-->[com.google.android.play:core:1.9.1] AndroidManifest.xml:16:96-119
83            android:exported="true" >
83-->[com.google.android.play:core:1.9.1] AndroidManifest.xml:16:120-143
84            <meta-data
84-->[com.google.android.play:core:1.9.1] AndroidManifest.xml:17:7-108
85                android:name="com.google.android.play.core.assetpacks.versionCode"
85-->[com.google.android.play:core:1.9.1] AndroidManifest.xml:17:18-84
86                android:value="10901" />
86-->[com.google.android.play:core:1.9.1] AndroidManifest.xml:17:85-106
87        </service>
88        <service
88-->[com.google.android.play:core:1.9.1] AndroidManifest.xml:19:5-147
89            android:name="com.google.android.play.core.assetpacks.ExtractionForegroundService"
89-->[com.google.android.play:core:1.9.1] AndroidManifest.xml:19:14-96
90            android:enabled="false"
90-->[com.google.android.play:core:1.9.1] AndroidManifest.xml:19:97-120
91            android:exported="false" />
91-->[com.google.android.play:core:1.9.1] AndroidManifest.xml:19:121-145
92    </application>
93
94</manifest>